<?xml version="1.0" encoding="UTF-8"?>
<!-- Generated by org.testng.reporters.JUnitXMLReporter -->
<testsuite hostname="C4T-LDN-09" name="Chrome Test" tests="6" failures="0" timestamp="5 Jul 2016 10:43:40 GMT" time="33.615" errors="0">
  <testcase name="goHomepage" time="10.485" classname="automationFramework.Exercise7"/>
  <testcase name="verifyHomepage" time="0.032" classname="automationFramework.Exercise7"/>
  <testcase name="insertLocation" time="0.43" classname="automationFramework.Exercise7"/>
  <testcase name="insertDate" time="0.354" classname="automationFramework.Exercise7"/>
  <testcase name="selectSubmit" time="10.303" classname="automationFramework.Exercise7"/>
  <testcase name="verifyPricepage" time="5.038" classname="automationFramework.Exercise7"/>
</testsuite> <!-- Chrome Test -->
