<?xml version="1.0" encoding="UTF-8"?>
<!-- Generated by org.testng.reporters.JUnitXMLReporter -->
<testsuite hostname="Ngous-Mac-mini.home" name="Firefox Test" tests="5" failures="5" timestamp="4 Jul 2016 21:42:36 GMT" time="7.229" errors="0">
  <testcase name="verifyHomepage" time="0.018" classname="automationFramework.Exercise7">
    <failure type="java.lang.AssertionError" message="Page title is incorrect">
      <![CDATA[java.lang.AssertionError: Page title is incorrect
	at org.junit.Assert.fail(Assert.java:88)
	at org.junit.Assert.assertTrue(Assert.java:41)
	at automationFramework.Exercise7.verifyHomepage(Exercise7.java:66)
... Removed 24 stack frames]]>
    </failure>
  </testcase> <!-- verifyHomepage -->
  <testcase name="insertLocation" time="0.001" classname="automationFramework.Exercise7">
    <failure type="java.lang.NullPointerException">
      <![CDATA[java.lang.NullPointerException
	at org.openqa.selenium.support.pagefactory.DefaultElementLocator.findElement(DefaultElementLocator.java:69)
	at org.openqa.selenium.support.pagefactory.internal.LocatingElementHandler.invoke(LocatingElementHandler.java:38)
	at com.sun.proxy.$Proxy8.sendKeys(Unknown Source)
	at automationFramework.Exercise7.insertLocation(Exercise7.java:73)
... Removed 24 stack frames]]>
    </failure>
  </testcase> <!-- insertLocation -->
  <testcase name="insertDate" time="0.003" classname="automationFramework.Exercise7">
    <failure type="java.lang.NullPointerException">
      <![CDATA[java.lang.NullPointerException
	at org.openqa.selenium.support.pagefactory.DefaultElementLocator.findElement(DefaultElementLocator.java:69)
	at org.openqa.selenium.support.pagefactory.internal.LocatingElementHandler.invoke(LocatingElementHandler.java:38)
	at com.sun.proxy.$Proxy8.isSelected(Unknown Source)
	at automationFramework.Exercise7.insertDate(Exercise7.java:80)
... Removed 24 stack frames]]>
    </failure>
  </testcase> <!-- insertDate -->
  <testcase name="selectSubmit" time="0.001" classname="automationFramework.Exercise7">
    <failure type="java.lang.NullPointerException">
      <![CDATA[java.lang.NullPointerException
	at org.openqa.selenium.support.pagefactory.DefaultElementLocator.findElement(DefaultElementLocator.java:69)
	at org.openqa.selenium.support.pagefactory.internal.LocatingElementHandler.invoke(LocatingElementHandler.java:38)
	at com.sun.proxy.$Proxy8.click(Unknown Source)
	at automationFramework.Exercise7.selectSubmit(Exercise7.java:92)
... Removed 24 stack frames]]>
    </failure>
  </testcase> <!-- selectSubmit -->
  <testcase name="verifyPricepage" time="5.013" classname="automationFramework.Exercise7">
    <failure type="java.lang.AssertionError" message="Wrong page">
      <![CDATA[java.lang.AssertionError: Wrong page
	at org.junit.Assert.fail(Assert.java:88)
	at automationFramework.Exercise7.verifyPricepage(Exercise7.java:100)
... Removed 24 stack frames]]>
    </failure>
  </testcase> <!-- verifyPricepage -->
</testsuite> <!-- Firefox Test -->
