<?xml version="1.0" encoding="UTF-8"?>
<!-- Generated by org.testng.reporters.JUnitXMLReporter -->
<testsuite hostname="C4T-LDN-09" name="Firefox Test" tests="6" failures="0" timestamp="5 Jul 2016 10:43:44 GMT" time="37.28" errors="0">
  <testcase name="goHomepage" time="8.73" classname="automationFramework.Exercise7"/>
  <testcase name="verifyHomepage" time="0.021" classname="automationFramework.Exercise7"/>
  <testcase name="insertLocation" time="0.79" classname="automationFramework.Exercise7"/>
  <testcase name="insertDate" time="0.624" classname="automationFramework.Exercise7"/>
  <testcase name="selectSubmit" time="9.153" classname="automationFramework.Exercise7"/>
  <testcase name="verifyPricepage" time="5.064" classname="automationFramework.Exercise7"/>
</testsuite> <!-- Firefox Test -->
