<?xml version="1.0" encoding="UTF-8"?>
<testng-results skipped="0" failed="0" total="12" passed="12">
  <reporter-output>
  </reporter-output>
  <suite name="Parallel test suite" duration-ms="37280" started-at="2016-07-05T10:43:07Z" finished-at="2016-07-05T10:43:44Z">
    <groups>
    </groups>
    <test name="Chrome Test" duration-ms="33615" started-at="2016-07-05T10:43:07Z" finished-at="2016-07-05T10:43:40Z">
      <class name="automationFramework.Exercise7">
        <test-method status="PASS" signature="openBrowser(java.lang.String)[pri:0, instance:automationFramework.Exercise7@224edc67]" name="openBrowser" is-config="true" duration-ms="5566" started-at="2016-07-05T11:43:07Z" finished-at="2016-07-05T11:43:12Z">
          <params>
            <param index="0">
              <value>
                <![CDATA[Chrome]]>
              </value>
            </param>
          </params>
          <reporter-output>
          </reporter-output>
        </test-method> <!-- openBrowser -->
        <test-method status="PASS" signature="goHomepage()[pri:0, instance:automationFramework.Exercise7@224edc67]" name="goHomepage" duration-ms="10485" started-at="2016-07-05T11:43:12Z" finished-at="2016-07-05T11:43:23Z">
          <reporter-output>
          </reporter-output>
        </test-method> <!-- goHomepage -->
        <test-method status="PASS" signature="verifyHomepage()[pri:1, instance:automationFramework.Exercise7@224edc67]" name="verifyHomepage" duration-ms="32" started-at="2016-07-05T11:43:23Z" finished-at="2016-07-05T11:43:23Z">
          <reporter-output>
          </reporter-output>
        </test-method> <!-- verifyHomepage -->
        <test-method status="PASS" signature="insertLocation()[pri:2, instance:automationFramework.Exercise7@224edc67]" name="insertLocation" duration-ms="430" started-at="2016-07-05T11:43:23Z" finished-at="2016-07-05T11:43:23Z">
          <reporter-output>
          </reporter-output>
        </test-method> <!-- insertLocation -->
        <test-method status="PASS" signature="insertDate()[pri:3, instance:automationFramework.Exercise7@224edc67]" name="insertDate" duration-ms="354" started-at="2016-07-05T11:43:23Z" finished-at="2016-07-05T11:43:23Z">
          <reporter-output>
          </reporter-output>
        </test-method> <!-- insertDate -->
        <test-method status="PASS" signature="selectSubmit()[pri:4, instance:automationFramework.Exercise7@224edc67]" name="selectSubmit" duration-ms="10303" started-at="2016-07-05T11:43:23Z" finished-at="2016-07-05T11:43:34Z">
          <reporter-output>
          </reporter-output>
        </test-method> <!-- selectSubmit -->
        <test-method status="PASS" signature="verifyPricepage()[pri:5, instance:automationFramework.Exercise7@224edc67]" name="verifyPricepage" duration-ms="5038" started-at="2016-07-05T11:43:34Z" finished-at="2016-07-05T11:43:39Z">
          <reporter-output>
          </reporter-output>
        </test-method> <!-- verifyPricepage -->
        <test-method status="PASS" signature="finish()[pri:0, instance:automationFramework.Exercise7@224edc67]" name="finish" is-config="true" duration-ms="1380" started-at="2016-07-05T11:43:39Z" finished-at="2016-07-05T11:43:40Z">
          <reporter-output>
          </reporter-output>
        </test-method> <!-- finish -->
      </class> <!-- automationFramework.Exercise7 -->
    </test> <!-- Chrome Test -->
    <test name="Firefox Test" duration-ms="37280" started-at="2016-07-05T10:43:07Z" finished-at="2016-07-05T10:43:44Z">
      <class name="automationFramework.Exercise7">
        <test-method status="PASS" signature="openBrowser(java.lang.String)[pri:0, instance:automationFramework.Exercise7@28feb3fa]" name="openBrowser" is-config="true" duration-ms="12227" started-at="2016-07-05T11:43:07Z" finished-at="2016-07-05T11:43:19Z">
          <params>
            <param index="0">
              <value>
                <![CDATA[Firefox]]>
              </value>
            </param>
          </params>
          <reporter-output>
          </reporter-output>
        </test-method> <!-- openBrowser -->
        <test-method status="PASS" signature="goHomepage()[pri:0, instance:automationFramework.Exercise7@28feb3fa]" name="goHomepage" duration-ms="8730" started-at="2016-07-05T11:43:19Z" finished-at="2016-07-05T11:43:28Z">
          <reporter-output>
          </reporter-output>
        </test-method> <!-- goHomepage -->
        <test-method status="PASS" signature="verifyHomepage()[pri:1, instance:automationFramework.Exercise7@28feb3fa]" name="verifyHomepage" duration-ms="21" started-at="2016-07-05T11:43:28Z" finished-at="2016-07-05T11:43:28Z">
          <reporter-output>
          </reporter-output>
        </test-method> <!-- verifyHomepage -->
        <test-method status="PASS" signature="insertLocation()[pri:2, instance:automationFramework.Exercise7@28feb3fa]" name="insertLocation" duration-ms="790" started-at="2016-07-05T11:43:28Z" finished-at="2016-07-05T11:43:28Z">
          <reporter-output>
          </reporter-output>
        </test-method> <!-- insertLocation -->
        <test-method status="PASS" signature="insertDate()[pri:3, instance:automationFramework.Exercise7@28feb3fa]" name="insertDate" duration-ms="624" started-at="2016-07-05T11:43:28Z" finished-at="2016-07-05T11:43:29Z">
          <reporter-output>
          </reporter-output>
        </test-method> <!-- insertDate -->
        <test-method status="PASS" signature="selectSubmit()[pri:4, instance:automationFramework.Exercise7@28feb3fa]" name="selectSubmit" duration-ms="9153" started-at="2016-07-05T11:43:29Z" finished-at="2016-07-05T11:43:38Z">
          <reporter-output>
          </reporter-output>
        </test-method> <!-- selectSubmit -->
        <test-method status="PASS" signature="verifyPricepage()[pri:5, instance:automationFramework.Exercise7@28feb3fa]" name="verifyPricepage" duration-ms="5064" started-at="2016-07-05T11:43:38Z" finished-at="2016-07-05T11:43:43Z">
          <reporter-output>
          </reporter-output>
        </test-method> <!-- verifyPricepage -->
        <test-method status="PASS" signature="finish()[pri:0, instance:automationFramework.Exercise7@28feb3fa]" name="finish" is-config="true" duration-ms="659" started-at="2016-07-05T11:43:43Z" finished-at="2016-07-05T11:43:44Z">
          <reporter-output>
          </reporter-output>
        </test-method> <!-- finish -->
      </class> <!-- automationFramework.Exercise7 -->
    </test> <!-- Firefox Test -->
  </suite> <!-- Parallel test suite -->
</testng-results>
